Copyright 1986-2015 Xilinx, Inc. All Rights Reserved.
-----------------------------------------------------------------------------------------------------------------------------
| Tool Version : Vivado v.2015.4 (win64) Build 1412921 Wed Nov 18 09:43:45 MST 2015
| Date         : Mon Aug 05 14:06:17 2019
| Host         : DESKTOP-9VGOSSF running 64-bit major release  (build 9200)
| Command      : report_utilization -file mb_server_wrapper_utilization_synth.rpt -pb mb_server_wrapper_utilization_synth.pb
| Design       : mb_server_wrapper
| Device       : 7a100tcsg324-1
| Design State : Synthesized
-----------------------------------------------------------------------------------------------------------------------------

Utilization Design Information

Table of Contents
-----------------
1. Slice Logic
1.1 Summary of Registers by Type
2. Memory
3. DSP
4. IO and GT Specific
5. Clocking
6. Specific Feature
7. Primitives
8. Black Boxes
9. Instantiated Netlists

1. Slice Logic
--------------

+----------------------------+-------+-------+-----------+-------+
|          Site Type         |  Used | Fixed | Available | Util% |
+----------------------------+-------+-------+-----------+-------+
| Slice LUTs*                | 18068 |     0 |     63400 | 28.50 |
|   LUT as Logic             | 16151 |     0 |     63400 | 25.47 |
|   LUT as Memory            |  1917 |     0 |     19000 | 10.09 |
|     LUT as Distributed RAM |  1196 |     0 |           |       |
|     LUT as Shift Register  |   721 |     0 |           |       |
| Slice Registers            | 22072 |    11 |    126800 | 17.41 |
|   Register as Flip Flop    | 22068 |    11 |    126800 | 17.40 |
|   Register as Latch        |     0 |     0 |    126800 |  0.00 |
|   Register as AND/OR       |     4 |     0 |    126800 | <0.01 |
| F7 Muxes                   |   589 |     0 |     31700 |  1.86 |
| F8 Muxes                   |     3 |     0 |     15850 |  0.02 |
+----------------------------+-------+-------+-----------+-------+
* Warning! The Final LUT count, after physical optimizations and full implementation, is typically lower. Run opt_design after synthesis, if not already completed, for a more realistic count.


1.1 Summary of Registers by Type
--------------------------------

+-------+--------------+-------------+--------------+
| Total | Clock Enable | Synchronous | Asynchronous |
+-------+--------------+-------------+--------------+
| 4     |            _ |           - |            - |
| 0     |            _ |           - |          Set |
| 0     |            _ |           - |        Reset |
| 0     |            _ |         Set |            - |
| 0     |            _ |       Reset |            - |
| 0     |          Yes |           - |            - |
| 502   |          Yes |           - |          Set |
| 944   |          Yes |           - |        Reset |
| 453   |          Yes |         Set |            - |
| 20169 |          Yes |       Reset |            - |
+-------+--------------+-------------+--------------+


2. Memory
---------

+-------------------+------+-------+-----------+-------+
|     Site Type     | Used | Fixed | Available | Util% |
+-------------------+------+-------+-----------+-------+
| Block RAM Tile    |   22 |     0 |       135 | 16.30 |
|   RAMB36/FIFO*    |   22 |     0 |       135 | 16.30 |
|     RAMB36E1 only |   22 |       |           |       |
|   RAMB18          |    0 |     0 |       270 |  0.00 |
+-------------------+------+-------+-----------+-------+
* Note: Each Block RAM Tile only has one FIFO logic available and therefore can accommodate only one FIFO36E1 or one FIFO18E1. However, if a FIFO18E1 occupies a Block RAM Tile, that tile can still accommodate a RAMB18E1


3. DSP
------

+-----------+------+-------+-----------+-------+
| Site Type | Used | Fixed | Available | Util% |
+-----------+------+-------+-----------+-------+
| DSPs      |    0 |     0 |       240 |  0.00 |
+-----------+------+-------+-----------+-------+


4. IO and GT Specific
---------------------

+-----------------------------+------+-------+-----------+-------+
|          Site Type          | Used | Fixed | Available | Util% |
+-----------------------------+------+-------+-----------+-------+
| Bonded IOB                  |   71 |     0 |       210 | 33.81 |
| Bonded IPADs                |    0 |     0 |         2 |  0.00 |
| PHY_CONTROL                 |    1 |     0 |         6 | 16.67 |
| PHASER_REF                  |    1 |     0 |         6 | 16.67 |
| OUT_FIFO                    |    4 |     0 |        24 | 16.67 |
| IN_FIFO                     |    2 |     0 |        24 |  8.33 |
| IDELAYCTRL                  |    1 |     0 |         6 | 16.67 |
| IBUFGDS                     |    0 |     0 |       202 |  0.00 |
| PHASER_OUT/PHASER_OUT_PHY   |    4 |     0 |        24 | 16.67 |
|   PHASER_OUT_PHY only       |    4 |     0 |           |       |
| PHASER_IN/PHASER_IN_PHY     |    2 |     0 |        24 |  8.33 |
|   PHASER_IN_PHY only        |    2 |     0 |           |       |
| IDELAYE2/IDELAYE2_FINEDELAY |   16 |     0 |       300 |  5.33 |
|   IDELAYE2 only             |   16 |     0 |           |       |
| IBUFDS_GTE2                 |    0 |     0 |         4 |  0.00 |
| ILOGIC                      |   16 |     0 |       210 |  7.62 |
|   ISERDES                   |   16 |       |           |       |
| OLOGIC                      |   48 |     0 |       210 | 22.86 |
|   OSERDES                   |   43 |       |           |       |
|   ODDR                      |    5 |       |           |       |
+-----------------------------+------+-------+-----------+-------+


5. Clocking
-----------

+------------+------+-------+-----------+-------+
|  Site Type | Used | Fixed | Available | Util% |
+------------+------+-------+-----------+-------+
| BUFGCTRL   |   11 |     0 |        32 | 34.38 |
| BUFIO      |    0 |     0 |        24 |  0.00 |
| MMCME2_ADV |    2 |     0 |         6 | 33.33 |
| PLLE2_ADV  |    1 |     0 |         6 | 16.67 |
| BUFMRCE    |    0 |     0 |        12 |  0.00 |
| BUFHCE     |    1 |     0 |        96 |  1.04 |
| BUFR       |    0 |     0 |        24 |  0.00 |
+------------+------+-------+-----------+-------+


6. Specific Feature
-------------------

+-------------+------+-------+-----------+--------+
|  Site Type  | Used | Fixed | Available |  Util% |
+-------------+------+-------+-----------+--------+
| BSCANE2     |    1 |     0 |         4 |  25.00 |
| CAPTUREE2   |    0 |     0 |         1 |   0.00 |
| DNA_PORT    |    0 |     0 |         1 |   0.00 |
| EFUSE_USR   |    0 |     0 |         1 |   0.00 |
| FRAME_ECCE2 |    0 |     0 |         1 |   0.00 |
| ICAPE2      |    0 |     0 |         2 |   0.00 |
| PCIE_2_1    |    0 |     0 |         1 |   0.00 |
| STARTUPE2   |    0 |     0 |         1 |   0.00 |
| XADC        |    1 |     0 |         1 | 100.00 |
+-------------+------+-------+-----------+--------+


7. Primitives
-------------

+--------------------------+-------+---------------------+
|         Ref Name         |  Used | Functional Category |
+--------------------------+-------+---------------------+
| FDRE                     | 20169 |        Flop & Latch |
| LUT6                     |  5132 |                 LUT |
| LUT3                     |  4118 |                 LUT |
| LUT5                     |  4025 |                 LUT |
| LUT4                     |  3409 |                 LUT |
| LUT2                     |  1910 |                 LUT |
| RAMD32                   |  1724 |  Distributed Memory |
| FDCE                     |   944 |        Flop & Latch |
| LUT1                     |   811 |                 LUT |
| MUXF7                    |   589 |               MuxFx |
| RAMS32                   |   536 |  Distributed Memory |
| FDPE                     |   502 |        Flop & Latch |
| FDSE                     |   453 |        Flop & Latch |
| SRLC32E                  |   450 |  Distributed Memory |
| CARRY4                   |   378 |          CarryLogic |
| SRL16E                   |   264 |  Distributed Memory |
| OSERDESE2                |    43 |                  IO |
| OBUF                     |    33 |                  IO |
| RAMB36E1                 |    22 |        Block Memory |
| OBUFT                    |    19 |                  IO |
| ISERDESE2                |    16 |                  IO |
| IDELAYE2                 |    16 |                  IO |
| IBUF_INTERMDISABLE       |    16 |                  IO |
| IBUF                     |    14 |                  IO |
| BUFG                     |    11 |               Clock |
| SRLC16E                  |     7 |  Distributed Memory |
| ODDR                     |     5 |                  IO |
| PHASER_OUT_PHY           |     4 |                  IO |
| OUT_FIFO                 |     4 |                  IO |
| OBUFTDS                  |     4 |                  IO |
| IBUFDS_INTERMDISABLE_INT |     4 |                  IO |
| AND2B1L                  |     4 |              Others |
| MUXF8                    |     3 |               MuxFx |
| INV                      |     3 |                 LUT |
| PHASER_IN_PHY            |     2 |                  IO |
| OBUFDS                   |     2 |                  IO |
| MMCME2_ADV               |     2 |               Clock |
| IN_FIFO                  |     2 |                  IO |
| XADC                     |     1 |              Others |
| PLLE2_ADV                |     1 |               Clock |
| PHY_CONTROL              |     1 |                  IO |
| PHASER_REF               |     1 |                  IO |
| IDELAYCTRL               |     1 |                  IO |
| BUFH                     |     1 |               Clock |
| BSCANE2                  |     1 |              Others |
+--------------------------+-------+---------------------+


8. Black Boxes
--------------

+----------+------+
| Ref Name | Used |
+----------+------+


9. Instantiated Netlists
------------------------

+----------+------+
| Ref Name | Used |
+----------+------+


