
*** Running vivado
    with args -log design_1_wrapper.vdi -applog -m64 -messageDb vivado.pb -mode batch -source design_1_wrapper.tcl -notrace


****** Vivado v2015.2 (64-bit)
  **** SW Build 1266856 on Fri Jun 26 16:35:25 MDT 2015
  **** IP Build 1264090 on Wed Jun 24 14:22:01 MDT 2015
    ** Copyright 1986-2015 Xilinx, Inc. All Rights Reserved.

source design_1_wrapper.tcl -notrace
Design is defaulting to srcset: sources_1
Design is defaulting to constrset: constrs_1
INFO: [Netlist 29-17] Analyzing 683 Unisim elements for replacement
INFO: [Netlist 29-28] Unisim Transformation completed in 1 CPU seconds
INFO: [Project 1-479] Netlist was created with Vivado 2015.2
INFO: [Device 21-403] Loading part xc7a35ticsg324-1L
INFO: [Project 1-570] Preparing netlist for logic optimization
Parsing XDC File [c:/Projects/DRC_Dev/7A35T_Arty/7A35T_Arty_Ethernetlite_LwIP_VIV2015_2/IPI/project_1/project_1.srcs/sources_1/bd/design_1/ip/design_1_axi_ethernetlite_0_0/design_1_axi_ethernetlite_0_0_board.xdc] for cell 'design_1_i/axi_ethernetlite_0'
Finished Parsing XDC File [c:/Projects/DRC_Dev/7A35T_Arty/7A35T_Arty_Ethernetlite_LwIP_VIV2015_2/IPI/project_1/project_1.srcs/sources_1/bd/design_1/ip/design_1_axi_ethernetlite_0_0/design_1_axi_ethernetlite_0_0_board.xdc] for cell 'design_1_i/axi_ethernetlite_0'
Parsing XDC File [c:/Projects/DRC_Dev/7A35T_Arty/7A35T_Arty_Ethernetlite_LwIP_VIV2015_2/IPI/project_1/project_1.srcs/sources_1/bd/design_1/ip/design_1_axi_ethernetlite_0_0/design_1_axi_ethernetlite_0_0.xdc] for cell 'design_1_i/axi_ethernetlite_0'
Finished Parsing XDC File [c:/Projects/DRC_Dev/7A35T_Arty/7A35T_Arty_Ethernetlite_LwIP_VIV2015_2/IPI/project_1/project_1.srcs/sources_1/bd/design_1/ip/design_1_axi_ethernetlite_0_0/design_1_axi_ethernetlite_0_0.xdc] for cell 'design_1_i/axi_ethernetlite_0'
Parsing XDC File [c:/Projects/DRC_Dev/7A35T_Arty/7A35T_Arty_Ethernetlite_LwIP_VIV2015_2/IPI/project_1/project_1.srcs/sources_1/bd/design_1/ip/design_1_axi_gpio_0_0/design_1_axi_gpio_0_0_board.xdc] for cell 'design_1_i/axi_gpio_0/U0'
Finished Parsing XDC File [c:/Projects/DRC_Dev/7A35T_Arty/7A35T_Arty_Ethernetlite_LwIP_VIV2015_2/IPI/project_1/project_1.srcs/sources_1/bd/design_1/ip/design_1_axi_gpio_0_0/design_1_axi_gpio_0_0_board.xdc] for cell 'design_1_i/axi_gpio_0/U0'
Parsing XDC File [c:/Projects/DRC_Dev/7A35T_Arty/7A35T_Arty_Ethernetlite_LwIP_VIV2015_2/IPI/project_1/project_1.srcs/sources_1/bd/design_1/ip/design_1_axi_gpio_0_0/design_1_axi_gpio_0_0.xdc] for cell 'design_1_i/axi_gpio_0/U0'
Finished Parsing XDC File [c:/Projects/DRC_Dev/7A35T_Arty/7A35T_Arty_Ethernetlite_LwIP_VIV2015_2/IPI/project_1/project_1.srcs/sources_1/bd/design_1/ip/design_1_axi_gpio_0_0/design_1_axi_gpio_0_0.xdc] for cell 'design_1_i/axi_gpio_0/U0'
Parsing XDC File [c:/Projects/DRC_Dev/7A35T_Arty/7A35T_Arty_Ethernetlite_LwIP_VIV2015_2/IPI/project_1/project_1.srcs/sources_1/bd/design_1/ip/design_1_axi_gpio_1_0/design_1_axi_gpio_1_0_board.xdc] for cell 'design_1_i/axi_gpio_1/U0'
Finished Parsing XDC File [c:/Projects/DRC_Dev/7A35T_Arty/7A35T_Arty_Ethernetlite_LwIP_VIV2015_2/IPI/project_1/project_1.srcs/sources_1/bd/design_1/ip/design_1_axi_gpio_1_0/design_1_axi_gpio_1_0_board.xdc] for cell 'design_1_i/axi_gpio_1/U0'
Parsing XDC File [c:/Projects/DRC_Dev/7A35T_Arty/7A35T_Arty_Ethernetlite_LwIP_VIV2015_2/IPI/project_1/project_1.srcs/sources_1/bd/design_1/ip/design_1_axi_gpio_1_0/design_1_axi_gpio_1_0.xdc] for cell 'design_1_i/axi_gpio_1/U0'
Finished Parsing XDC File [c:/Projects/DRC_Dev/7A35T_Arty/7A35T_Arty_Ethernetlite_LwIP_VIV2015_2/IPI/project_1/project_1.srcs/sources_1/bd/design_1/ip/design_1_axi_gpio_1_0/design_1_axi_gpio_1_0.xdc] for cell 'design_1_i/axi_gpio_1/U0'
Parsing XDC File [c:/Projects/DRC_Dev/7A35T_Arty/7A35T_Arty_Ethernetlite_LwIP_VIV2015_2/IPI/project_1/project_1.srcs/sources_1/bd/design_1/ip/design_1_axi_timer_0_0/design_1_axi_timer_0_0.xdc] for cell 'design_1_i/axi_timer_0'
Finished Parsing XDC File [c:/Projects/DRC_Dev/7A35T_Arty/7A35T_Arty_Ethernetlite_LwIP_VIV2015_2/IPI/project_1/project_1.srcs/sources_1/bd/design_1/ip/design_1_axi_timer_0_0/design_1_axi_timer_0_0.xdc] for cell 'design_1_i/axi_timer_0'
Parsing XDC File [c:/Projects/DRC_Dev/7A35T_Arty/7A35T_Arty_Ethernetlite_LwIP_VIV2015_2/IPI/project_1/project_1.srcs/sources_1/bd/design_1/ip/design_1_axi_uartlite_0_0/design_1_axi_uartlite_0_0_board.xdc] for cell 'design_1_i/axi_uartlite_0/U0'
Finished Parsing XDC File [c:/Projects/DRC_Dev/7A35T_Arty/7A35T_Arty_Ethernetlite_LwIP_VIV2015_2/IPI/project_1/project_1.srcs/sources_1/bd/design_1/ip/design_1_axi_uartlite_0_0/design_1_axi_uartlite_0_0_board.xdc] for cell 'design_1_i/axi_uartlite_0/U0'
Parsing XDC File [c:/Projects/DRC_Dev/7A35T_Arty/7A35T_Arty_Ethernetlite_LwIP_VIV2015_2/IPI/project_1/project_1.srcs/sources_1/bd/design_1/ip/design_1_axi_uartlite_0_0/design_1_axi_uartlite_0_0.xdc] for cell 'design_1_i/axi_uartlite_0/U0'
Finished Parsing XDC File [c:/Projects/DRC_Dev/7A35T_Arty/7A35T_Arty_Ethernetlite_LwIP_VIV2015_2/IPI/project_1/project_1.srcs/sources_1/bd/design_1/ip/design_1_axi_uartlite_0_0/design_1_axi_uartlite_0_0.xdc] for cell 'design_1_i/axi_uartlite_0/U0'
Parsing XDC File [c:/Projects/DRC_Dev/7A35T_Arty/7A35T_Arty_Ethernetlite_LwIP_VIV2015_2/IPI/project_1/project_1.srcs/sources_1/bd/design_1/ip/design_1_clk_wiz_0_0/design_1_clk_wiz_0_0_board.xdc] for cell 'design_1_i/clk_wiz_0/inst'
Finished Parsing XDC File [c:/Projects/DRC_Dev/7A35T_Arty/7A35T_Arty_Ethernetlite_LwIP_VIV2015_2/IPI/project_1/project_1.srcs/sources_1/bd/design_1/ip/design_1_clk_wiz_0_0/design_1_clk_wiz_0_0_board.xdc] for cell 'design_1_i/clk_wiz_0/inst'
Parsing XDC File [c:/Projects/DRC_Dev/7A35T_Arty/7A35T_Arty_Ethernetlite_LwIP_VIV2015_2/IPI/project_1/project_1.srcs/sources_1/bd/design_1/ip/design_1_clk_wiz_0_0/design_1_clk_wiz_0_0.xdc] for cell 'design_1_i/clk_wiz_0/inst'
INFO: [Timing 38-35] Done setting XDC timing constraints. [c:/Projects/DRC_Dev/7A35T_Arty/7A35T_Arty_Ethernetlite_LwIP_VIV2015_2/IPI/project_1/project_1.srcs/sources_1/bd/design_1/ip/design_1_clk_wiz_0_0/design_1_clk_wiz_0_0.xdc:56]
INFO: [Timing 38-2] Deriving generated clocks [c:/Projects/DRC_Dev/7A35T_Arty/7A35T_Arty_Ethernetlite_LwIP_VIV2015_2/IPI/project_1/project_1.srcs/sources_1/bd/design_1/ip/design_1_clk_wiz_0_0/design_1_clk_wiz_0_0.xdc:56]
get_clocks: Time (s): cpu = 00:00:15 ; elapsed = 00:00:14 . Memory (MB): peak = 1033.152 ; gain = 467.441
Finished Parsing XDC File [c:/Projects/DRC_Dev/7A35T_Arty/7A35T_Arty_Ethernetlite_LwIP_VIV2015_2/IPI/project_1/project_1.srcs/sources_1/bd/design_1/ip/design_1_clk_wiz_0_0/design_1_clk_wiz_0_0.xdc] for cell 'design_1_i/clk_wiz_0/inst'
Parsing XDC File [c:/Projects/DRC_Dev/7A35T_Arty/7A35T_Arty_Ethernetlite_LwIP_VIV2015_2/IPI/project_1/project_1.srcs/sources_1/bd/design_1/ip/design_1_mdm_1_0/design_1_mdm_1_0.xdc] for cell 'design_1_i/mdm_1/U0'
Finished Parsing XDC File [c:/Projects/DRC_Dev/7A35T_Arty/7A35T_Arty_Ethernetlite_LwIP_VIV2015_2/IPI/project_1/project_1.srcs/sources_1/bd/design_1/ip/design_1_mdm_1_0/design_1_mdm_1_0.xdc] for cell 'design_1_i/mdm_1/U0'
Parsing XDC File [c:/Projects/DRC_Dev/7A35T_Arty/7A35T_Arty_Ethernetlite_LwIP_VIV2015_2/IPI/project_1/project_1.srcs/sources_1/bd/design_1/ip/design_1_microblaze_0_0/design_1_microblaze_0_0.xdc] for cell 'design_1_i/microblaze_0/U0'
Finished Parsing XDC File [c:/Projects/DRC_Dev/7A35T_Arty/7A35T_Arty_Ethernetlite_LwIP_VIV2015_2/IPI/project_1/project_1.srcs/sources_1/bd/design_1/ip/design_1_microblaze_0_0/design_1_microblaze_0_0.xdc] for cell 'design_1_i/microblaze_0/U0'
Parsing XDC File [c:/Projects/DRC_Dev/7A35T_Arty/7A35T_Arty_Ethernetlite_LwIP_VIV2015_2/IPI/project_1/project_1.srcs/sources_1/bd/design_1/ip/design_1_microblaze_0_axi_intc_0/design_1_microblaze_0_axi_intc_0.xdc] for cell 'design_1_i/microblaze_0_axi_intc/U0'
Finished Parsing XDC File [c:/Projects/DRC_Dev/7A35T_Arty/7A35T_Arty_Ethernetlite_LwIP_VIV2015_2/IPI/project_1/project_1.srcs/sources_1/bd/design_1/ip/design_1_microblaze_0_axi_intc_0/design_1_microblaze_0_axi_intc_0.xdc] for cell 'design_1_i/microblaze_0_axi_intc/U0'
Parsing XDC File [c:/Projects/DRC_Dev/7A35T_Arty/7A35T_Arty_Ethernetlite_LwIP_VIV2015_2/IPI/project_1/project_1.srcs/sources_1/bd/design_1/ip/design_1_dlmb_v10_0/design_1_dlmb_v10_0.xdc] for cell 'design_1_i/microblaze_0_local_memory/dlmb_v10/U0'
Finished Parsing XDC File [c:/Projects/DRC_Dev/7A35T_Arty/7A35T_Arty_Ethernetlite_LwIP_VIV2015_2/IPI/project_1/project_1.srcs/sources_1/bd/design_1/ip/design_1_dlmb_v10_0/design_1_dlmb_v10_0.xdc] for cell 'design_1_i/microblaze_0_local_memory/dlmb_v10/U0'
Parsing XDC File [c:/Projects/DRC_Dev/7A35T_Arty/7A35T_Arty_Ethernetlite_LwIP_VIV2015_2/IPI/project_1/project_1.srcs/sources_1/bd/design_1/ip/design_1_ilmb_v10_0/design_1_ilmb_v10_0.xdc] for cell 'design_1_i/microblaze_0_local_memory/ilmb_v10/U0'
Finished Parsing XDC File [c:/Projects/DRC_Dev/7A35T_Arty/7A35T_Arty_Ethernetlite_LwIP_VIV2015_2/IPI/project_1/project_1.srcs/sources_1/bd/design_1/ip/design_1_ilmb_v10_0/design_1_ilmb_v10_0.xdc] for cell 'design_1_i/microblaze_0_local_memory/ilmb_v10/U0'
Parsing XDC File [c:/Projects/DRC_Dev/7A35T_Arty/7A35T_Arty_Ethernetlite_LwIP_VIV2015_2/IPI/project_1/project_1.srcs/sources_1/bd/design_1/ip/design_1_mig_7series_0_0/design_1_mig_7series_0_0/user_design/constraints/design_1_mig_7series_0_0.xdc] for cell 'design_1_i/mig_7series_0'
Finished Parsing XDC File [c:/Projects/DRC_Dev/7A35T_Arty/7A35T_Arty_Ethernetlite_LwIP_VIV2015_2/IPI/project_1/project_1.srcs/sources_1/bd/design_1/ip/design_1_mig_7series_0_0/design_1_mig_7series_0_0/user_design/constraints/design_1_mig_7series_0_0.xdc] for cell 'design_1_i/mig_7series_0'
Parsing XDC File [c:/Projects/DRC_Dev/7A35T_Arty/7A35T_Arty_Ethernetlite_LwIP_VIV2015_2/IPI/project_1/project_1.srcs/sources_1/bd/design_1/ip/design_1_mig_7series_0_0/design_1_mig_7series_0_0_board.xdc] for cell 'design_1_i/mig_7series_0'
Finished Parsing XDC File [c:/Projects/DRC_Dev/7A35T_Arty/7A35T_Arty_Ethernetlite_LwIP_VIV2015_2/IPI/project_1/project_1.srcs/sources_1/bd/design_1/ip/design_1_mig_7series_0_0/design_1_mig_7series_0_0_board.xdc] for cell 'design_1_i/mig_7series_0'
Parsing XDC File [c:/Projects/DRC_Dev/7A35T_Arty/7A35T_Arty_Ethernetlite_LwIP_VIV2015_2/IPI/project_1/project_1.srcs/sources_1/bd/design_1/ip/design_1_rst_mig_7series_0_83M_0/design_1_rst_mig_7series_0_83M_0_board.xdc] for cell 'design_1_i/rst_mig_7series_0_83M'
Finished Parsing XDC File [c:/Projects/DRC_Dev/7A35T_Arty/7A35T_Arty_Ethernetlite_LwIP_VIV2015_2/IPI/project_1/project_1.srcs/sources_1/bd/design_1/ip/design_1_rst_mig_7series_0_83M_0/design_1_rst_mig_7series_0_83M_0_board.xdc] for cell 'design_1_i/rst_mig_7series_0_83M'
Parsing XDC File [c:/Projects/DRC_Dev/7A35T_Arty/7A35T_Arty_Ethernetlite_LwIP_VIV2015_2/IPI/project_1/project_1.srcs/sources_1/bd/design_1/ip/design_1_rst_mig_7series_0_83M_0/design_1_rst_mig_7series_0_83M_0.xdc] for cell 'design_1_i/rst_mig_7series_0_83M'
Finished Parsing XDC File [c:/Projects/DRC_Dev/7A35T_Arty/7A35T_Arty_Ethernetlite_LwIP_VIV2015_2/IPI/project_1/project_1.srcs/sources_1/bd/design_1/ip/design_1_rst_mig_7series_0_83M_0/design_1_rst_mig_7series_0_83M_0.xdc] for cell 'design_1_i/rst_mig_7series_0_83M'
Parsing XDC File [c:/Projects/DRC_Dev/7A35T_Arty/7A35T_Arty_Ethernetlite_LwIP_VIV2015_2/IPI/project_1/project_1.srcs/constrs_1/imports/xdc/design_1.xdc]
WARNING: [Constraints 18-619] A clock with name 'sys_clock' already exists, overwriting the previous clock with the same name. [c:/Projects/DRC_Dev/7A35T_Arty/7A35T_Arty_Ethernetlite_LwIP_VIV2015_2/IPI/project_1/project_1.srcs/constrs_1/imports/xdc/design_1.xdc:2]
WARNING: [Constraints 18-619] A clock with name 'eth_mii_tx_clk' already exists, overwriting the previous clock with the same name. [c:/Projects/DRC_Dev/7A35T_Arty/7A35T_Arty_Ethernetlite_LwIP_VIV2015_2/IPI/project_1/project_1.srcs/constrs_1/imports/xdc/design_1.xdc:6]
WARNING: [Constraints 18-619] A clock with name 'eth_mii_rx_clk' already exists, overwriting the previous clock with the same name. [c:/Projects/DRC_Dev/7A35T_Arty/7A35T_Arty_Ethernetlite_LwIP_VIV2015_2/IPI/project_1/project_1.srcs/constrs_1/imports/xdc/design_1.xdc:7]
Finished Parsing XDC File [c:/Projects/DRC_Dev/7A35T_Arty/7A35T_Arty_Ethernetlite_LwIP_VIV2015_2/IPI/project_1/project_1.srcs/constrs_1/imports/xdc/design_1.xdc]
Parsing XDC File [c:/Projects/DRC_Dev/7A35T_Arty/7A35T_Arty_Ethernetlite_LwIP_VIV2015_2/IPI/project_1/project_1.srcs/sources_1/bd/design_1/ip/design_1_axi_ethernetlite_0_0/design_1_axi_ethernetlite_0_0_clocks.xdc] for cell 'design_1_i/axi_ethernetlite_0'
Finished Parsing XDC File [c:/Projects/DRC_Dev/7A35T_Arty/7A35T_Arty_Ethernetlite_LwIP_VIV2015_2/IPI/project_1/project_1.srcs/sources_1/bd/design_1/ip/design_1_axi_ethernetlite_0_0/design_1_axi_ethernetlite_0_0_clocks.xdc] for cell 'design_1_i/axi_ethernetlite_0'
Parsing XDC File [c:/Projects/DRC_Dev/7A35T_Arty/7A35T_Arty_Ethernetlite_LwIP_VIV2015_2/IPI/project_1/project_1.srcs/sources_1/bd/design_1/ip/design_1_microblaze_0_axi_intc_0/design_1_microblaze_0_axi_intc_0_clocks.xdc] for cell 'design_1_i/microblaze_0_axi_intc/U0'
Finished Parsing XDC File [c:/Projects/DRC_Dev/7A35T_Arty/7A35T_Arty_Ethernetlite_LwIP_VIV2015_2/IPI/project_1/project_1.srcs/sources_1/bd/design_1/ip/design_1_microblaze_0_axi_intc_0/design_1_microblaze_0_axi_intc_0_clocks.xdc] for cell 'design_1_i/microblaze_0_axi_intc/U0'
Parsing XDC File [c:/Projects/DRC_Dev/7A35T_Arty/7A35T_Arty_Ethernetlite_LwIP_VIV2015_2/IPI/project_1/project_1.srcs/sources_1/bd/design_1/ip/design_1_auto_us_0/design_1_auto_us_0_clocks.xdc] for cell 'design_1_i/axi_mem_intercon/s00_couplers/auto_us/inst'
Finished Parsing XDC File [c:/Projects/DRC_Dev/7A35T_Arty/7A35T_Arty_Ethernetlite_LwIP_VIV2015_2/IPI/project_1/project_1.srcs/sources_1/bd/design_1/ip/design_1_auto_us_0/design_1_auto_us_0_clocks.xdc] for cell 'design_1_i/axi_mem_intercon/s00_couplers/auto_us/inst'
Parsing XDC File [c:/Projects/DRC_Dev/7A35T_Arty/7A35T_Arty_Ethernetlite_LwIP_VIV2015_2/IPI/project_1/project_1.srcs/sources_1/bd/design_1/ip/design_1_auto_us_1/design_1_auto_us_1_clocks.xdc] for cell 'design_1_i/axi_mem_intercon/s01_couplers/auto_us/inst'
Finished Parsing XDC File [c:/Projects/DRC_Dev/7A35T_Arty/7A35T_Arty_Ethernetlite_LwIP_VIV2015_2/IPI/project_1/project_1.srcs/sources_1/bd/design_1/ip/design_1_auto_us_1/design_1_auto_us_1_clocks.xdc] for cell 'design_1_i/axi_mem_intercon/s01_couplers/auto_us/inst'
INFO: [Opt 31-138] Pushed 0 inverter(s) to 0 load pin(s).
Generating merged BMM file for the design top 'design_1_wrapper'...
INFO: [Memdata 28-144] Successfully populated the BRAM INIT strings from the following elf files: c:/Projects/DRC_Dev/7A35T_Arty/7A35T_Arty_Ethernetlite_LwIP_VIV2015_2/IPI/project_1/project_1.srcs/sources_1/ipshared/xilinx.com/microblaze_v9_5/cfde4cbb/data/mb_bootloop_le.elf 

INFO: [Project 1-111] Unisim Transformation Summary:
  A total of 315 instances were transformed.
  IOBUF => IOBUF (IBUF, OBUFT): 1 instances
  IOBUFDS_INTERMDISABLE => IOBUFDS_INTERMDISABLE (IBUFDS_INTERMDISABLE_INT, IBUFDS_INTERMDISABLE_INT, INV, OBUFTDS, OBUFTDS): 2 instances
  IOBUF_INTERMDISABLE => IOBUF_INTERMDISABLE (IBUF_INTERMDISABLE, OBUFT): 16 instances
  LUT6_2 => LUT6_2 (LUT5, LUT6): 80 instances
  OBUFDS => OBUFDS_DUAL_BUF (INV, OBUFDS, OBUFDS): 1 instances
  RAM16X1D => RAM32X1D (RAMD32, RAMD32): 32 instances
  RAM16X1S => RAM32X1S (RAMS32): 4 instances
  RAM32M => RAM32M (RAMD32, RAMD32, RAMD32, RAMD32, RAMD32, RAMD32, RAMS32, RAMS32): 147 instances
  RAM32X1D => RAM32X1D (RAMD32, RAMD32): 32 instances

link_design: Time (s): cpu = 00:00:33 ; elapsed = 00:00:31 . Memory (MB): peak = 1039.918 ; gain = 819.152
Command: opt_design
Attempting to get a license for feature 'Implementation' and/or device 'xc7a35ti'
INFO: [Common 17-349] Got license for feature 'Implementation' and/or device 'xc7a35ti'
Running DRC as a precondition to command opt_design

Starting DRC Task
INFO: [DRC 23-27] Running DRC with 2 threads
INFO: [Project 1-461] DRC finished with 0 Errors
INFO: [Project 1-462] Please refer to the DRC report (report_drc) for more information.

Time (s): cpu = 00:00:00 ; elapsed = 00:00:00.356 . Memory (MB): peak = 1039.918 ; gain = 0.000
INFO: [Timing 38-35] Done setting XDC timing constraints.

Starting Logic Optimization Task

Phase 1 Retarget

INFO: [Opt 31-138] Pushed 5 inverter(s) to 12 load pin(s).
INFO: [Opt 31-49] Retargeted 0 cell(s).
Phase 1 Retarget | Checksum: 215dbe470

Time (s): cpu = 00:00:03 ; elapsed = 00:00:02 . Memory (MB): peak = 1039.918 ; gain = 0.000

Phase 2 Constant Propagation
INFO: [Opt 31-138] Pushed 5 inverter(s) to 34 load pin(s).
INFO: [Opt 31-10] Eliminated 421 cells.
Phase 2 Constant Propagation | Checksum: 1a38b9335

Time (s): cpu = 00:00:06 ; elapsed = 00:00:06 . Memory (MB): peak = 1039.918 ; gain = 0.000

Phase 3 Sweep
WARNING: [Opt 31-6] Deleting driverless net: design_1_i/microblaze_0/U0/MicroBlaze_Core_I/Performance.Core/Data_Flow_I/ALU_I/ALL_Bits[0].ALU_Bit_I1/LO.
WARNING: [Opt 31-6] Deleting driverless net: design_1_i/microblaze_0/U0/MicroBlaze_Core_I/Performance.Core/Data_Flow_I/ALU_I/ALL_Bits[1].ALU_Bit_I1/EX_CarryOut.
WARNING: [Opt 31-6] Deleting driverless net: design_1_i/microblaze_0/U0/MicroBlaze_Core_I/Performance.Core/Data_Flow_I/ALU_I/LO_2.
WARNING: [Opt 31-6] Deleting driverless net: design_1_i/microblaze_0/U0/MicroBlaze_Core_I/Performance.Core/Decode_I/Use_MuxCy[10].OF_Piperun_Stage/Using_FPGA.Native.
WARNING: [Opt 31-6] Deleting driverless net: design_1_i/microblaze_0/U0/MicroBlaze_Core_I/Performance.Core/Decode_I/Use_MuxCy[1].OF_Piperun_Stage/Using_FPGA.Native.
WARNING: [Opt 31-6] Deleting driverless net: design_1_i/microblaze_0/U0/MicroBlaze_Core_I/Performance.Core/Decode_I/Use_MuxCy[2].OF_Piperun_Stage/Using_FPGA.Native.
WARNING: [Opt 31-6] Deleting driverless net: design_1_i/microblaze_0/U0/MicroBlaze_Core_I/Performance.Core/Decode_I/Use_MuxCy[2].OF_Piperun_Stage/ex_Write_ICache_i_reg.
WARNING: [Opt 31-6] Deleting driverless net: design_1_i/microblaze_0/U0/MicroBlaze_Core_I/Performance.Core/Decode_I/Use_MuxCy[3].OF_Piperun_Stage/ex_branch_with_delayslot_reg.
WARNING: [Opt 31-6] Deleting driverless net: design_1_i/microblaze_0/U0/MicroBlaze_Core_I/Performance.Core/Decode_I/Use_MuxCy[4].OF_Piperun_Stage/use_Reg_Neg_S_reg.
WARNING: [Opt 31-6] Deleting driverless net: design_1_i/microblaze_0/U0/MicroBlaze_Core_I/Performance.Core/Decode_I/Use_MuxCy[5].OF_Piperun_Stage/ex_is_div_instr_I_reg.
WARNING: [Opt 31-6] Deleting driverless net: design_1_i/microblaze_0/U0/MicroBlaze_Core_I/Performance.Core/Decode_I/Use_MuxCy[5].OF_Piperun_Stage/use_Reg_Neg_S_reg.
WARNING: [Opt 31-6] Deleting driverless net: design_1_i/microblaze_0/U0/MicroBlaze_Core_I/Performance.Core/Decode_I/Use_MuxCy[6].OF_Piperun_Stage/ex_is_multi_or_load_instr_reg.
WARNING: [Opt 31-6] Deleting driverless net: design_1_i/microblaze_0/U0/MicroBlaze_Core_I/Performance.Core/Decode_I/Use_MuxCy[6].OF_Piperun_Stage/use_Reg_Neg_S_reg.
WARNING: [Opt 31-6] Deleting driverless net: design_1_i/microblaze_0/U0/MicroBlaze_Core_I/Performance.Core/Decode_I/Use_MuxCy[7].OF_Piperun_Stage/mem_is_multi_or_load_instr_reg.
WARNING: [Opt 31-6] Deleting driverless net: design_1_i/microblaze_0/U0/MicroBlaze_Core_I/Performance.Core/Decode_I/Use_MuxCy[8].OF_Piperun_Stage/use_Reg_Neg_S_reg.
WARNING: [Opt 31-6] Deleting driverless net: design_1_i/microblaze_0/U0/MicroBlaze_Core_I/Performance.Core/Decode_I/Use_MuxCy[9].OF_Piperun_Stage/mem_is_multi_or_load_instr_reg.
WARNING: [Opt 31-6] Deleting driverless net: design_1_i/microblaze_0/U0/MicroBlaze_Core_I/Performance.Core/Decode_I/Use_MuxCy[9].OF_Piperun_Stage/use_Reg_Neg_S_reg.
WARNING: [Opt 31-6] Deleting driverless net: design_1_i/microblaze_0/U0/MicroBlaze_Core_I/Performance.Core/Decode_I/Using_ICache_Carry_Chain.ib_addr_strobe_i_carry_or/valid_addr_strobe_q_reg.
WARNING: [Opt 31-6] Deleting driverless net: design_1_i/microblaze_0/U0/MicroBlaze_Core_I/Performance.Core/Decode_I/Using_ICache_Carry_Chain.ib_addr_strobe_ii_carry_and/if_fetch_in_progress_reg.
WARNING: [Opt 31-6] Deleting driverless net: design_1_i/microblaze_0/U0/MicroBlaze_Core_I/Performance.Core/Decode_I/Using_ICache_Carry_Chain.ib_ready_MMU_carry_or/if_debug_ready_i_reg.
WARNING: [Opt 31-6] Deleting driverless net: design_1_i/microblaze_0/U0/MicroBlaze_Core_I/Performance.Core/Decode_I/Using_PC_Incr_Dbg_or_Prot.if_pc_incr_carry_and_1/Carry_IN0_in.
WARNING: [Opt 31-6] Deleting driverless net: design_1_i/microblaze_0/U0/MicroBlaze_Core_I/Performance.Core/Decode_I/Using_PC_Incr_Dbg_or_Prot.if_pc_incr_carry_and_1/if_pc_reg[29].
WARNING: [Opt 31-6] Deleting driverless net: design_1_i/microblaze_0/U0/MicroBlaze_Core_I/Performance.Core/Decode_I/if_pc_incr_carry_and_0/Carry_IN0_in.
WARNING: [Opt 31-6] Deleting driverless net: design_1_i/microblaze_0/U0/MicroBlaze_Core_I/Performance.Core/Decode_I/if_pc_incr_carry_and_3/Performace_Debug_Control.dbg_stop_if_delay_i_reg.
WARNING: [Opt 31-6] Deleting driverless net: design_1_i/microblaze_0/U0/MicroBlaze_Core_I/Performance.Core/Decode_I/mem_wait_on_ready_N_carry_or/Carry_OUT.
WARNING: [Opt 31-6] Deleting driverless net: design_1_i/microblaze_0/U0/MicroBlaze_Core_I/Performance.Core/Decode_I/Carry_OUT.
WARNING: [Opt 31-6] Deleting driverless net: design_1_i/microblaze_0/U0/MicroBlaze_Core_I/Performance.Core/Decode_I/if_debug_ready_i_reg.
WARNING: [Opt 31-6] Deleting driverless net: design_1_i/microblaze_0/U0/MicroBlaze_Core_I/Performance.Core/Using_DCache.Using_WriteThrough.DCache_I1/Use_XX_Accesses3.xx_access_read_miss/mem_valid_req_reg.
WARNING: [Opt 31-6] Deleting driverless net: design_1_i/microblaze_0/U0/MicroBlaze_Core_I/Performance.Core/Using_DCache.Using_WriteThrough.DCache_I1/Use_XX_Accesses_Hit.dcache_data_strobe_sel2_carry_or/mem_data_updated_reg.
WARNING: [Opt 31-6] Deleting driverless net: design_1_i/microblaze_0/U0/MicroBlaze_Core_I/Performance.Core/Using_DCache.Using_WriteThrough.DCache_I1/cache_valid_bit_detect_I1/Valid_check_with_8word_cacheline.valid_check_cacheline[0].valid_check_carry_and_I/Using_FPGA.Native.
WARNING: [Opt 31-6] Deleting driverless net: design_1_i/microblaze_0/U0/MicroBlaze_Core_I/Performance.Core/Using_DCache.Using_WriteThrough.DCache_I1/cache_valid_bit_detect_I1/Valid_check_with_8word_cacheline.valid_check_cacheline[1].valid_check_carry_and_I/Carry_IN_0.
WARNING: [Opt 31-6] Deleting driverless net: design_1_i/microblaze_0/U0/MicroBlaze_Core_I/Performance.Core/Using_DCache.Using_WriteThrough.DCache_I1/cache_valid_bit_detect_I1/Valid_check_with_8word_cacheline.valid_check_cacheline[1].valid_check_carry_and_I/mem_write_cache_hit_delayed_reg.
WARNING: [Opt 31-6] Deleting driverless net: design_1_i/microblaze_0/U0/MicroBlaze_Core_I/Performance.Core/Using_DCache.Using_WriteThrough.DCache_I1/cache_valid_bit_detect_I1/Valid_check_with_8word_cacheline.valid_check_cacheline[2].valid_check_carry_and_I/Carry_IN_0.
WARNING: [Opt 31-6] Deleting driverless net: design_1_i/microblaze_0/U0/MicroBlaze_Core_I/Performance.Core/Using_DCache.Using_WriteThrough.DCache_I1/dcache_data_strobe_sel_carry_or_0/Trace_Cache_Rdy_reg.
WARNING: [Opt 31-6] Deleting driverless net: design_1_i/microblaze_0/U0/MicroBlaze_Core_I/Performance.Core/Using_DCache.Using_WriteThrough.DCache_I1/dcache_data_strobe_sel_carry_or_0/use_cacheline_copy_reg.
WARNING: [Opt 31-6] Deleting driverless net: design_1_i/microblaze_0/U0/MicroBlaze_Core_I/Performance.Core/Using_DCache.Using_WriteThrough.DCache_I1/dcache_data_strobe_sel_carry_or_1/delay_update_idle_reg.
WARNING: [Opt 31-6] Deleting driverless net: design_1_i/microblaze_0/U0/MicroBlaze_Core_I/Performance.Core/Using_DCache.Using_WriteThrough.DCache_I1/dcache_data_strobe_sel_carry_or_2/Trace_Cache_Rdy_reg.
WARNING: [Opt 31-6] Deleting driverless net: design_1_i/microblaze_0/U0/MicroBlaze_Core_I/Performance.Core/Using_DCache.Using_WriteThrough.DCache_I1/mem_read_cache_hit_carry_or/Trace_Cache_Rdy_reg.
WARNING: [Opt 31-6] Deleting driverless net: design_1_i/microblaze_0/U0/MicroBlaze_Core_I/Performance.Core/Using_DCache.Using_WriteThrough.DCache_I1/mem_read_cache_hit_carry_or/mem_write_req_reg.
WARNING: [Opt 31-6] Deleting driverless net: design_1_i/microblaze_0/U0/MicroBlaze_Core_I/Performance.Core/Using_DCache.Using_WriteThrough.DCache_I1/mem_read_cache_hit_direct_carry_and/Trace_Cache_Rdy_reg.
WARNING: [Opt 31-6] Deleting driverless net: design_1_i/microblaze_0/U0/MicroBlaze_Core_I/Performance.Core/Using_DCache.Using_WriteThrough.DCache_I1/mem_read_cache_miss_sel_carry_and/Using_AXI.M_AXI_ARADDR_I_reg[1].
WARNING: [Opt 31-6] Deleting driverless net: design_1_i/microblaze_0/U0/MicroBlaze_Core_I/Performance.Core/Using_Debug.Using_ICache.combined_carry_and_I2/Carry_IN.
WARNING: [Opt 31-6] Deleting driverless net: design_1_i/microblaze_0/U0/MicroBlaze_Core_I/Performance.Core/Using_Debug.Using_ICache.combined_carry_or_I/Carry_IN.
WARNING: [Opt 31-6] Deleting driverless net: design_1_i/microblaze_0/U0/MicroBlaze_Core_I/Performance.Core/Using_Debug.Using_ICache.debug_combinded_carry_or_I/if_missed_fetch_reg.
WARNING: [Opt 31-6] Deleting driverless net: design_1_i/microblaze_0/U0/MicroBlaze_Core_I/Performance.Core/Using_ICache.ICache_I1/Using_XX_Access_Part2.carry_or_I1/Carry_IN.
WARNING: [Opt 31-6] Deleting driverless net: design_1_i/microblaze_0/U0/MicroBlaze_Core_I/Performance.Core/Using_ICache.ICache_I1/cache_valid_bit_detect_I1/Valid_check_with_8word_cacheline.valid_check_cacheline[0].valid_check_carry_and_I/Carry_IN.
WARNING: [Opt 31-6] Deleting driverless net: design_1_i/microblaze_0/U0/MicroBlaze_Core_I/Performance.Core/Using_ICache.ICache_I1/cache_valid_bit_detect_I1/Valid_check_with_8word_cacheline.valid_check_cacheline[1].valid_check_carry_and_I/Carry_IN_0.
WARNING: [Opt 31-6] Deleting driverless net: design_1_i/microblaze_0/U0/MicroBlaze_Core_I/Performance.Core/Using_ICache.ICache_I1/cache_valid_bit_detect_I1/Valid_check_with_8word_cacheline.valid_check_cacheline[2].valid_check_carry_and_I/Carry_IN_0.
WARNING: [Opt 31-6] Deleting driverless net: design_1_i/microblaze_0/U0/MicroBlaze_Core_I/Performance.Core/Using_ICache.ICache_I1/cache_valid_bit_detect_I1/Carry_IN.
WARNING: [Opt 31-6] Deleting driverless net: design_1_i/microblaze_0/U0/MicroBlaze_Core_I/Performance.Core/mem_databus_ready_sel_carry_or/Carry_OUT.
INFO: [Opt 31-12] Eliminated 4214 unconnected nets.
INFO: [Opt 31-140] Inserted 1 IBUFs to IO ports without IO buffers.
INFO: [Opt 31-11] Eliminated 4920 unconnected cells.
Phase 3 Sweep | Checksum: fcb64740

Time (s): cpu = 00:00:10 ; elapsed = 00:00:10 . Memory (MB): peak = 1039.918 ; gain = 0.000

Starting Connectivity Check Task

Time (s): cpu = 00:00:00 ; elapsed = 00:00:00.065 . Memory (MB): peak = 1039.918 ; gain = 0.000
Ending Logic Optimization Task | Checksum: fcb64740

Time (s): cpu = 00:00:10 ; elapsed = 00:00:10 . Memory (MB): peak = 1039.918 ; gain = 0.000
Implement Debug Cores | Checksum: ecccfbd2
Logic Optimization | Checksum: ecccfbd2

Starting Power Optimization Task
INFO: [Pwropt 34-132] Skipping clock gating for clocks with a period < 3.13 ns.
INFO: [Pwropt 34-9] Applying IDT optimizations ...
INFO: [Pwropt 34-10] Applying ODC optimizations ...


Starting PowerOpt Patch Enables Task
INFO: [Pwropt 34-162] WRITE_MODE attribute of 0 BRAM(s) out of a total of 26 has been updated to save power. Run report_power_opt to get a complete listing of the BRAMs updated.
INFO: [Pwropt 34-201] Structural ODC has moved 8 WE to EN ports
Number of BRAM Ports augmented: 0 newly gated: 16 Total Ports: 52
Ending PowerOpt Patch Enables Task | Checksum: 2334a545e

Time (s): cpu = 00:00:00 ; elapsed = 00:00:00.043 . Memory (MB): peak = 1186.836 ; gain = 0.000
Ending Power Optimization Task | Checksum: 2334a545e

Time (s): cpu = 00:00:05 ; elapsed = 00:00:06 . Memory (MB): peak = 1186.836 ; gain = 146.918
INFO: [Common 17-83] Releasing license: Implementation
28 Infos, 53 Warnings, 0 Critical Warnings and 0 Errors encountered.
opt_design completed successfully
opt_design: Time (s): cpu = 00:00:18 ; elapsed = 00:00:18 . Memory (MB): peak = 1186.836 ; gain = 146.918
Writing placer database...
Writing XDEF routing.
Writing XDEF routing logical nets.
Writing XDEF routing special nets.
Write XDEF Complete: Time (s): cpu = 00:00:00 ; elapsed = 00:00:00.075 . Memory (MB): peak = 1186.836 ; gain = 0.000
INFO: [DRC 23-27] Running DRC with 2 threads
INFO: [Coretcl 2-168] The results of DRC are in file c:/Projects/DRC_Dev/7A35T_Arty/7A35T_Arty_Ethernetlite_LwIP_VIV2015_2/IPI/project_1/project_1.runs/impl_1/design_1_wrapper_drc_opted.rpt.
Command: place_design
Attempting to get a license for feature 'Implementation' and/or device 'xc7a35ti'
INFO: [Common 17-349] Got license for feature 'Implementation' and/or device 'xc7a35ti'
INFO: [DRC 23-27] Running DRC with 2 threads
INFO: [Vivado_Tcl 4-198] DRC finished with 0 Errors
INFO: [Vivado_Tcl 4-199] Please refer to the DRC report (report_drc) for more information.
Running DRC as a precondition to command place_design
INFO: [DRC 23-27] Running DRC with 2 threads
INFO: [Vivado_Tcl 4-198] DRC finished with 0 Errors
INFO: [Vivado_Tcl 4-199] Please refer to the DRC report (report_drc) for more information.

Starting Placer Task
INFO: [Place 30-611] Multithreading enabled for place_design using a maximum of 2 CPUs

Phase 1 Placer Runtime Estimator
Phase 1 Placer Runtime Estimator | Checksum: 1c8abc870

Time (s): cpu = 00:00:00 ; elapsed = 00:00:00.308 . Memory (MB): peak = 1186.836 ; gain = 0.000

Phase 2 Placer Initialization
Netlist sorting complete. Time (s): cpu = 00:00:01 ; elapsed = 00:00:00.075 . Memory (MB): peak = 1186.836 ; gain = 0.000
INFO: [Opt 31-138] Pushed 0 inverter(s) to 0 load pin(s).
Netlist sorting complete. Time (s): cpu = 00:00:00 ; elapsed = 00:00:00.067 . Memory (MB): peak = 1186.836 ; gain = 0.000

Phase 2.1 IO Placement/ Clock Placement/ Build Placer Device

Phase 2.1.1 Pre-Place Cells
Phase 2.1.1 Pre-Place Cells | Checksum: 1d955628

Time (s): cpu = 00:00:02 ; elapsed = 00:00:02 . Memory (MB): peak = 1186.836 ; gain = 0.000
CRITICAL WARNING: [Place 30-722] Terminal 'eth_mii_col' has IOB constraint set to TRUE, but it is either not connected to a FLOP element or the connected FLOP element could not be brought into the I/O
INFO: [Timing 38-35] Done setting XDC timing constraints.

Phase 2.1.2 IO & Clk Clean Up
Phase 2.1.2 IO & Clk Clean Up | Checksum: 1d955628

Time (s): cpu = 00:00:10 ; elapsed = 00:00:10 . Memory (MB): peak = 1186.836 ; gain = 0.000

Phase 2.1.3 Implementation Feasibility check On IDelay
Phase 2.1.3 Implementation Feasibility check On IDelay | Checksum: 1d955628

Time (s): cpu = 00:00:10 ; elapsed = 00:00:10 . Memory (MB): peak = 1186.836 ; gain = 0.000

Phase 2.1.4 Commit IO Placement
Phase 2.1.4 Commit IO Placement | Checksum: c0fee489

Time (s): cpu = 00:00:10 ; elapsed = 00:00:10 . Memory (MB): peak = 1186.836 ; gain = 0.000
Phase 2.1 IO Placement/ Clock Placement/ Build Placer Device | Checksum: 1bf67457a

Time (s): cpu = 00:00:10 ; elapsed = 00:00:10 . Memory (MB): peak = 1186.836 ; gain = 0.000

Phase 2.2 Build Placer Netlist Model

Phase 2.2.1 Place Init Design

Phase 2.2.1.1 Init Lut Pin Assignment
Phase 2.2.1.1 Init Lut Pin Assignment | Checksum: 19f348d12

Time (s): cpu = 00:00:12 ; elapsed = 00:00:11 . Memory (MB): peak = 1186.836 ; gain = 0.000
Phase 2.2.1 Place Init Design | Checksum: 188eb81eb

Time (s): cpu = 00:00:20 ; elapsed = 00:00:17 . Memory (MB): peak = 1186.836 ; gain = 0.000
Phase 2.2 Build Placer Netlist Model | Checksum: 188eb81eb

Time (s): cpu = 00:00:20 ; elapsed = 00:00:17 . Memory (MB): peak = 1186.836 ; gain = 0.000

Phase 2.3 Constrain Clocks/Macros

Phase 2.3.1 Constrain Global/Regional Clocks
Phase 2.3.1 Constrain Global/Regional Clocks | Checksum: 188eb81eb

Time (s): cpu = 00:00:21 ; elapsed = 00:00:17 . Memory (MB): peak = 1186.836 ; gain = 0.000
Phase 2.3 Constrain Clocks/Macros | Checksum: 188eb81eb

Time (s): cpu = 00:00:21 ; elapsed = 00:00:17 . Memory (MB): peak = 1186.836 ; gain = 0.000
Phase 2 Placer Initialization | Checksum: 188eb81eb

Time (s): cpu = 00:00:21 ; elapsed = 00:00:17 . Memory (MB): peak = 1186.836 ; gain = 0.000

Phase 3 Global Placement
Phase 3 Global Placement | Checksum: 1e664ab0e

Time (s): cpu = 00:00:46 ; elapsed = 00:00:32 . Memory (MB): peak = 1186.836 ; gain = 0.000

Phase 4 Detail Placement

Phase 4.1 Commit Multi Column Macros
Phase 4.1 Commit Multi Column Macros | Checksum: 1e664ab0e

Time (s): cpu = 00:00:46 ; elapsed = 00:00:33 . Memory (MB): peak = 1186.836 ; gain = 0.000

Phase 4.2 Commit Most Macros & LUTRAMs
Phase 4.2 Commit Most Macros & LUTRAMs | Checksum: 224643744

Time (s): cpu = 00:00:54 ; elapsed = 00:00:37 . Memory (MB): peak = 1186.836 ; gain = 0.000

Phase 4.3 Area Swap Optimization
Phase 4.3 Area Swap Optimization | Checksum: 1920ecf87

Time (s): cpu = 00:00:54 ; elapsed = 00:00:38 . Memory (MB): peak = 1186.836 ; gain = 0.000

Phase 4.4 updateClock Trees: DP
Phase 4.4 updateClock Trees: DP | Checksum: 1920ecf87

Time (s): cpu = 00:00:54 ; elapsed = 00:00:38 . Memory (MB): peak = 1186.836 ; gain = 0.000

Phase 4.5 Timing Path Optimizer
Phase 4.5 Timing Path Optimizer | Checksum: 163c163ec

Time (s): cpu = 00:00:57 ; elapsed = 00:00:39 . Memory (MB): peak = 1186.836 ; gain = 0.000

Phase 4.6 Small Shape Detail Placement

Phase 4.6.1 Commit Small Macros & Core Logic

Phase 4.6.1.1 setBudgets
Phase 4.6.1.1 setBudgets | Checksum: 18c2b1bb7

Time (s): cpu = 00:00:57 ; elapsed = 00:00:39 . Memory (MB): peak = 1186.836 ; gain = 0.000

Phase 4.6.1.2 Commit Slice Clusters
Phase 4.6.1.2 Commit Slice Clusters | Checksum: 1bd1f4bd2

Time (s): cpu = 00:01:03 ; elapsed = 00:00:45 . Memory (MB): peak = 1186.836 ; gain = 0.000
Phase 4.6.1 Commit Small Macros & Core Logic | Checksum: 1bd1f4bd2

Time (s): cpu = 00:01:03 ; elapsed = 00:00:45 . Memory (MB): peak = 1186.836 ; gain = 0.000

Phase 4.6.2 Clock Restriction Legalization for Leaf Columns
Phase 4.6.2 Clock Restriction Legalization for Leaf Columns | Checksum: 1bd1f4bd2

Time (s): cpu = 00:01:03 ; elapsed = 00:00:45 . Memory (MB): peak = 1186.836 ; gain = 0.000

Phase 4.6.3 Clock Restriction Legalization for Non-Clock Pins
Phase 4.6.3 Clock Restriction Legalization for Non-Clock Pins | Checksum: 1bd1f4bd2

Time (s): cpu = 00:01:04 ; elapsed = 00:00:45 . Memory (MB): peak = 1186.836 ; gain = 0.000
Phase 4.6 Small Shape Detail Placement | Checksum: 1bd1f4bd2

Time (s): cpu = 00:01:04 ; elapsed = 00:00:45 . Memory (MB): peak = 1186.836 ; gain = 0.000

Phase 4.7 Re-assign LUT pins
Phase 4.7 Re-assign LUT pins | Checksum: 1bd1f4bd2

Time (s): cpu = 00:01:04 ; elapsed = 00:00:46 . Memory (MB): peak = 1186.836 ; gain = 0.000
Phase 4 Detail Placement | Checksum: 1bd1f4bd2

Time (s): cpu = 00:01:04 ; elapsed = 00:00:46 . Memory (MB): peak = 1186.836 ; gain = 0.000

Phase 5 Post Placement Optimization and Clean-Up

Phase 5.1 PCOPT Shape updates
Phase 5.1 PCOPT Shape updates | Checksum: 10a2fed0c

Time (s): cpu = 00:01:05 ; elapsed = 00:00:46 . Memory (MB): peak = 1186.836 ; gain = 0.000

Phase 5.2 Post Commit Optimization

Phase 5.2.1 updateClock Trees: PCOPT
Phase 5.2.1 updateClock Trees: PCOPT | Checksum: 10a2fed0c

Time (s): cpu = 00:01:05 ; elapsed = 00:00:46 . Memory (MB): peak = 1186.836 ; gain = 0.000

Phase 5.2.2 Post Placement Optimization

Phase 5.2.2.1 Post Placement Timing Optimization
INFO: [Place 30-746] Post Placement Timing Summary WNS=1.274. For the most accurate timing information please run report_timing.
Phase 5.2.2.1 Post Placement Timing Optimization | Checksum: 1619ef1bf

Time (s): cpu = 00:01:10 ; elapsed = 00:00:49 . Memory (MB): peak = 1186.836 ; gain = 0.000
Phase 5.2.2 Post Placement Optimization | Checksum: 1619ef1bf

Time (s): cpu = 00:01:10 ; elapsed = 00:00:49 . Memory (MB): peak = 1186.836 ; gain = 0.000
Phase 5.2 Post Commit Optimization | Checksum: 1619ef1bf

Time (s): cpu = 00:01:10 ; elapsed = 00:00:49 . Memory (MB): peak = 1186.836 ; gain = 0.000

Phase 5.3 Sweep Clock Roots: Post-Placement
Phase 5.3 Sweep Clock Roots: Post-Placement | Checksum: 1619ef1bf

Time (s): cpu = 00:01:10 ; elapsed = 00:00:49 . Memory (MB): peak = 1186.836 ; gain = 0.000

Phase 5.4 Post Placement Cleanup
Phase 5.4 Post Placement Cleanup | Checksum: 1619ef1bf

Time (s): cpu = 00:01:11 ; elapsed = 00:00:49 . Memory (MB): peak = 1186.836 ; gain = 0.000

Phase 5.5 Placer Reporting

Phase 5.5.1 Restore STA
Phase 5.5.1 Restore STA | Checksum: 1619ef1bf

Time (s): cpu = 00:01:11 ; elapsed = 00:00:49 . Memory (MB): peak = 1186.836 ; gain = 0.000
Phase 5.5 Placer Reporting | Checksum: 1619ef1bf

Time (s): cpu = 00:01:11 ; elapsed = 00:00:49 . Memory (MB): peak = 1186.836 ; gain = 0.000

Phase 5.6 Final Placement Cleanup
Phase 5.6 Final Placement Cleanup | Checksum: 2121dad79

Time (s): cpu = 00:01:11 ; elapsed = 00:00:49 . Memory (MB): peak = 1186.836 ; gain = 0.000
Phase 5 Post Placement Optimization and Clean-Up | Checksum: 2121dad79

Time (s): cpu = 00:01:11 ; elapsed = 00:00:50 . Memory (MB): peak = 1186.836 ; gain = 0.000
Ending Placer Task | Checksum: 170a727b6

Time (s): cpu = 00:01:11 ; elapsed = 00:00:50 . Memory (MB): peak = 1186.836 ; gain = 0.000
INFO: [Common 17-83] Releasing license: Implementation
42 Infos, 53 Warnings, 1 Critical Warnings and 0 Errors encountered.
place_design completed successfully
place_design: Time (s): cpu = 00:01:14 ; elapsed = 00:00:52 . Memory (MB): peak = 1186.836 ; gain = 0.000
Writing placer database...
Writing XDEF routing.
Writing XDEF routing logical nets.
Writing XDEF routing special nets.
Write XDEF Complete: Time (s): cpu = 00:00:06 ; elapsed = 00:00:02 . Memory (MB): peak = 1186.836 ; gain = 0.000
write_checkpoint: Time (s): cpu = 00:00:10 ; elapsed = 00:00:05 . Memory (MB): peak = 1186.836 ; gain = 0.000
report_io: Time (s): cpu = 00:00:00 ; elapsed = 00:00:00.060 . Memory (MB): peak = 1186.836 ; gain = 0.000
report_utilization: Time (s): cpu = 00:00:01 ; elapsed = 00:00:00.422 . Memory (MB): peak = 1186.836 ; gain = 0.000
report_control_sets: Time (s): cpu = 00:00:00 ; elapsed = 00:00:00.063 . Memory (MB): peak = 1186.836 ; gain = 0.000
Command: route_design
Attempting to get a license for feature 'Implementation' and/or device 'xc7a35ti'
INFO: [Common 17-349] Got license for feature 'Implementation' and/or device 'xc7a35ti'
Running DRC as a precondition to command route_design
INFO: [DRC 23-27] Running DRC with 2 threads
WARNING: [DRC 23-20] Rule violation (PLIO-8) Placement Constraints Check for IO constraints - Terminal eth_mii_col has IOB constraint set to TRUE, but it is either not connected to a FLOP element or the connected FLOP element could not be brought into the I/O.
INFO: [Vivado_Tcl 4-198] DRC finished with 0 Errors, 1 Warnings
INFO: [Vivado_Tcl 4-199] Please refer to the DRC report (report_drc) for more information.


Starting Routing Task
INFO: [Route 35-254] Multithreading enabled for route_design using a maximum of 2 CPUs

Phase 1 Build RT Design
Phase 1 Build RT Design | Checksum: e6a599cf

Time (s): cpu = 00:00:26 ; elapsed = 00:00:21 . Memory (MB): peak = 1204.938 ; gain = 18.102

Phase 2 Router Initialization

Phase 2.1 Create Timer
Phase 2.1 Create Timer | Checksum: e6a599cf

Time (s): cpu = 00:00:26 ; elapsed = 00:00:22 . Memory (MB): peak = 1207.234 ; gain = 20.398

Phase 2.2 Pre Route Cleanup
Phase 2.2 Pre Route Cleanup | Checksum: e6a599cf

Time (s): cpu = 00:00:26 ; elapsed = 00:00:22 . Memory (MB): peak = 1214.289 ; gain = 27.453
 Number of Nodes with overlaps = 0

Phase 2.3 Update Timing
Phase 2.3 Update Timing | Checksum: 1f7e8fdba

Time (s): cpu = 00:00:37 ; elapsed = 00:00:28 . Memory (MB): peak = 1255.891 ; gain = 69.055
INFO: [Route 35-57] Estimated Timing Summary | WNS=1.273  | TNS=0.000  | WHS=-0.375 | THS=-317.117|

Phase 2 Router Initialization | Checksum: 1982e683d

Time (s): cpu = 00:00:41 ; elapsed = 00:00:30 . Memory (MB): peak = 1260.473 ; gain = 73.637

Phase 3 Initial Routing
Phase 3 Initial Routing | Checksum: 201fd8167

Time (s): cpu = 00:00:47 ; elapsed = 00:00:33 . Memory (MB): peak = 1260.473 ; gain = 73.637

Phase 4 Rip-up And Reroute

Phase 4.1 Global Iteration 0
 Number of Nodes with overlaps = 1845
 Number of Nodes with overlaps = 93
 Number of Nodes with overlaps = 4
 Number of Nodes with overlaps = 1
 Number of Nodes with overlaps = 1
 Number of Nodes with overlaps = 1
 Number of Nodes with overlaps = 0

Phase 4.1.1 Update Timing
Phase 4.1.1 Update Timing | Checksum: 17a650171

Time (s): cpu = 00:00:59 ; elapsed = 00:00:41 . Memory (MB): peak = 1260.473 ; gain = 73.637
INFO: [Route 35-57] Estimated Timing Summary | WNS=0.856  | TNS=0.000  | WHS=N/A    | THS=N/A    |

Phase 4.1 Global Iteration 0 | Checksum: 1295ba474

Time (s): cpu = 00:01:00 ; elapsed = 00:00:41 . Memory (MB): peak = 1260.473 ; gain = 73.637

Phase 4.2 Global Iteration 1
 Number of Nodes with overlaps = 3
 Number of Nodes with overlaps = 0

Phase 4.2.1 Update Timing
Phase 4.2.1 Update Timing | Checksum: 2936eae76

Time (s): cpu = 00:01:00 ; elapsed = 00:00:41 . Memory (MB): peak = 1260.473 ; gain = 73.637
INFO: [Route 35-57] Estimated Timing Summary | WNS=0.856  | TNS=0.000  | WHS=N/A    | THS=N/A    |

Phase 4.2 Global Iteration 1 | Checksum: 1de5195eb

Time (s): cpu = 00:01:00 ; elapsed = 00:00:41 . Memory (MB): peak = 1260.473 ; gain = 73.637
Phase 4 Rip-up And Reroute | Checksum: 1de5195eb

Time (s): cpu = 00:01:00 ; elapsed = 00:00:41 . Memory (MB): peak = 1260.473 ; gain = 73.637

Phase 5 Delay and Skew Optimization

Phase 5.1 Delay CleanUp

Phase 5.1.1 Update Timing
Phase 5.1.1 Update Timing | Checksum: 1fe3640fa

Time (s): cpu = 00:01:02 ; elapsed = 00:00:42 . Memory (MB): peak = 1260.473 ; gain = 73.637
INFO: [Route 35-57] Estimated Timing Summary | WNS=0.856  | TNS=0.000  | WHS=N/A    | THS=N/A    |

Phase 5.1 Delay CleanUp | Checksum: 1fe3640fa

Time (s): cpu = 00:01:02 ; elapsed = 00:00:42 . Memory (MB): peak = 1260.473 ; gain = 73.637

Phase 5.2 Clock Skew Optimization
Phase 5.2 Clock Skew Optimization | Checksum: 1fe3640fa

Time (s): cpu = 00:01:02 ; elapsed = 00:00:42 . Memory (MB): peak = 1260.473 ; gain = 73.637
Phase 5 Delay and Skew Optimization | Checksum: 1fe3640fa

Time (s): cpu = 00:01:02 ; elapsed = 00:00:42 . Memory (MB): peak = 1260.473 ; gain = 73.637

Phase 6 Post Hold Fix

Phase 6.1 Update Timing
Phase 6.1 Update Timing | Checksum: 289fdcd38

Time (s): cpu = 00:01:04 ; elapsed = 00:00:44 . Memory (MB): peak = 1260.473 ; gain = 73.637
INFO: [Route 35-57] Estimated Timing Summary | WNS=0.856  | TNS=0.000  | WHS=0.027  | THS=0.000  |

Phase 6 Post Hold Fix | Checksum: 1cc857d31

Time (s): cpu = 00:01:04 ; elapsed = 00:00:44 . Memory (MB): peak = 1260.473 ; gain = 73.637

Phase 7 Route finalize

Router Utilization Summary
  Global Vertical Routing Utilization    = 6.21175 %
  Global Horizontal Routing Utilization  = 7.49545 %
  Routable Net Status*
  *Does not include unroutable nets such as driverless and loadless.
  Run report_route_status for detailed report.
  Number of Failed Nets               = 0
  Number of Unrouted Nets             = 0
  Number of Partially Routed Nets     = 0
  Number of Node Overlaps             = 0

Phase 7 Route finalize | Checksum: 23c83f732

Time (s): cpu = 00:01:05 ; elapsed = 00:00:44 . Memory (MB): peak = 1260.473 ; gain = 73.637

Phase 8 Verifying routed nets

 Verification completed successfully
Phase 8 Verifying routed nets | Checksum: 23c83f732

Time (s): cpu = 00:01:05 ; elapsed = 00:00:44 . Memory (MB): peak = 1260.473 ; gain = 73.637

Phase 9 Depositing Routes
Phase 9 Depositing Routes | Checksum: 20400f97d

Time (s): cpu = 00:01:06 ; elapsed = 00:00:45 . Memory (MB): peak = 1260.473 ; gain = 73.637

Phase 10 Post Router Timing
INFO: [Route 35-57] Estimated Timing Summary | WNS=0.856  | TNS=0.000  | WHS=0.027  | THS=0.000  |

INFO: [Route 35-327] The final timing numbers are based on the router estimated timing analysis. For a complete and accurate timing signoff, please run report_timing_summary.
Phase 10 Post Router Timing | Checksum: 20400f97d

Time (s): cpu = 00:01:06 ; elapsed = 00:00:45 . Memory (MB): peak = 1260.473 ; gain = 73.637
INFO: [Route 35-16] Router Completed Successfully

Time (s): cpu = 00:01:06 ; elapsed = 00:00:45 . Memory (MB): peak = 1260.473 ; gain = 73.637

Routing Is Done.
INFO: [Common 17-83] Releasing license: Implementation
56 Infos, 54 Warnings, 1 Critical Warnings and 0 Errors encountered.
route_design completed successfully
route_design: Time (s): cpu = 00:01:09 ; elapsed = 00:00:48 . Memory (MB): peak = 1260.473 ; gain = 73.637
Writing placer database...
Writing XDEF routing.
Writing XDEF routing logical nets.
Writing XDEF routing special nets.
Write XDEF Complete: Time (s): cpu = 00:00:07 ; elapsed = 00:00:02 . Memory (MB): peak = 1260.473 ; gain = 0.000
write_checkpoint: Time (s): cpu = 00:00:11 ; elapsed = 00:00:05 . Memory (MB): peak = 1260.473 ; gain = 0.000
INFO: [DRC 23-27] Running DRC with 2 threads
INFO: [Coretcl 2-168] The results of DRC are in file c:/Projects/DRC_Dev/7A35T_Arty/7A35T_Arty_Ethernetlite_LwIP_VIV2015_2/IPI/project_1/project_1.runs/impl_1/design_1_wrapper_drc_routed.rpt.
INFO: [Timing 38-91] UpdateTimingParams: Speed grade: -1L, Delay Type: min_max.
INFO: [Timing 38-191] Multithreading enabled for timing update using a maximum of 2 CPUs
report_timing_summary: Time (s): cpu = 00:00:12 ; elapsed = 00:00:07 . Memory (MB): peak = 1266.754 ; gain = 0.000
Running Vector-less Activity Propagation...

Finished Running Vector-less Activity Propagation
Attempting to get a license for feature 'Implementation' and/or device 'xc7a35ti'
INFO: [Common 17-349] Got license for feature 'Implementation' and/or device 'xc7a35ti'
Running DRC as a precondition to command write_bitstream
INFO: [DRC 23-27] Running DRC with 2 threads
WARNING: [DRC 23-20] Rule violation (BUFC-1) Input Buffer Connections - Input buffer design_1_i/mig_7series_0/u_design_1_mig_7series_0_0_mig/u_memc_ui_top_axi/mem_intfc0/ddr_phy_top0/u_ddr_mc_phy_wrapper/gen_dqs_iobuf_HR.gen_dqs_iobuf[0].gen_ddr2_or_low_dqs_diff.u_iobuf_dqs/IBUFDS/IBUFDS_S (in design_1_i/mig_7series_0/u_design_1_mig_7series_0_0_mig/u_memc_ui_top_axi/mem_intfc0/ddr_phy_top0/u_ddr_mc_phy_wrapper/gen_dqs_iobuf_HR.gen_dqs_iobuf[0].gen_ddr2_or_low_dqs_diff.u_iobuf_dqs macro) has no loads. An input buffer must drive an internal load.
WARNING: [DRC 23-20] Rule violation (BUFC-1) Input Buffer Connections - Input buffer design_1_i/mig_7series_0/u_design_1_mig_7series_0_0_mig/u_memc_ui_top_axi/mem_intfc0/ddr_phy_top0/u_ddr_mc_phy_wrapper/gen_dqs_iobuf_HR.gen_dqs_iobuf[1].gen_ddr2_or_low_dqs_diff.u_iobuf_dqs/IBUFDS/IBUFDS_S (in design_1_i/mig_7series_0/u_design_1_mig_7series_0_0_mig/u_memc_ui_top_axi/mem_intfc0/ddr_phy_top0/u_ddr_mc_phy_wrapper/gen_dqs_iobuf_HR.gen_dqs_iobuf[1].gen_ddr2_or_low_dqs_diff.u_iobuf_dqs macro) has no loads. An input buffer must drive an internal load.
WARNING: [DRC 23-20] Rule violation (BUFC-1) Input Buffer Connections - Input buffer eth_mii_col_IBUF_inst has no loads. An input buffer must drive an internal load.
WARNING: [DRC 23-20] Rule violation (DPIP-1) Input pipelining - DSP design_1_i/microblaze_0/U0/MicroBlaze_Core_I/Performance.Core/Data_Flow_I/MUL_Unit_I/Use_HW_MUL.Using_DSP48_Architectures.No_MUL64.dsp_module_I2/Using_DSP48E1.DSP48E1_I1 input A B is not pipelined. Pipelining DSP48 input will improve performance.
WARNING: [DRC 23-20] Rule violation (DPIP-1) Input pipelining - DSP design_1_i/microblaze_0/U0/MicroBlaze_Core_I/Performance.Core/Data_Flow_I/MUL_Unit_I/Use_HW_MUL.Using_DSP48_Architectures.dsp_module_I1/Using_DSP48E1.DSP48E1_I1 input A B is not pipelined. Pipelining DSP48 input will improve performance.
WARNING: [DRC 23-20] Rule violation (DPOP-1) Output pipelining - DSP design_1_i/microblaze_0/U0/MicroBlaze_Core_I/Performance.Core/Data_Flow_I/MUL_Unit_I/Use_HW_MUL.Using_DSP48_Architectures.No_MUL64.dsp_module_I3/Using_DSP48E1.DSP48E1_I1 output P is not pipelined. Pipelining DSP48 output will improve performance. Both multiplier/adder output can be pipelined.
WARNING: [DRC 23-20] Rule violation (DPOP-1) Output pipelining - DSP design_1_i/microblaze_0/U0/MicroBlaze_Core_I/Performance.Core/Data_Flow_I/MUL_Unit_I/Use_HW_MUL.Using_DSP48_Architectures.dsp_module_I1/Using_DSP48E1.DSP48E1_I1 output P is not pipelined. Pipelining DSP48 output will improve performance. Both multiplier/adder output can be pipelined.
WARNING: [DRC 23-20] Rule violation (REQP-1709) Clock output buffering - PLLE2_ADV connectivity violation. The signal design_1_i/mig_7series_0/u_design_1_mig_7series_0_0_mig/u_ddr3_infrastructure/pll_clk3_out on the design_1_i/mig_7series_0/u_design_1_mig_7series_0_0_mig/u_ddr3_infrastructure/plle2_i/CLKOUT3 pin of design_1_i/mig_7series_0/u_design_1_mig_7series_0_0_mig/u_ddr3_infrastructure/plle2_i does not drive the same kind of BUFFER load as the other CLKOUT pins. Routing from the different buffer types will not be phase aligned.
WARNING: [DRC 23-20] Rule violation (RTSTAT-10) No routable loads - 1 net(s) have no routable loads. The problem bus(es) and/or net(s) are eth_mii_col_IBUF.
INFO: [Vivado 12-3199] DRC finished with 0 Errors, 9 Warnings
INFO: [Vivado 12-3200] Please refer to the DRC report (report_drc) for more information.
Generating merged BMM file for the design top 'design_1_wrapper'...
INFO: [Memdata 28-144] Successfully populated the BRAM INIT strings from the following elf files: c:/Projects/DRC_Dev/7A35T_Arty/7A35T_Arty_Ethernetlite_LwIP_VIV2015_2/IPI/project_1/project_1.srcs/sources_1/ipshared/xilinx.com/microblaze_v9_5/cfde4cbb/data/mb_bootloop_le.elf 
Loading data files...
Loading site data...
Loading route data...
Processing options...
Creating bitmap...
Creating bitstream...
Writing bitstream ./design_1_wrapper.bit...
INFO: [Vivado 12-1842] Bitgen Completed Successfully.
INFO: [Project 1-118] WebTalk data collection is enabled (User setting is ON. Install Setting is ON.).
INFO: [Common 17-186] 'c:/Projects/DRC_Dev/7A35T_Arty/7A35T_Arty_Ethernetlite_LwIP_VIV2015_2/IPI/project_1/project_1.runs/impl_1/usage_statistics_webtalk.xml' has been successfully sent to Xilinx on Fri Aug 14 13:56:43 2015. For additional details about this file, please refer to the WebTalk help file at C:/Xilinx/Vivado/2015.2/doc/webtalk_introduction.html.
INFO: [Common 17-83] Releasing license: Implementation
write_bitstream: Time (s): cpu = 00:00:32 ; elapsed = 00:00:36 . Memory (MB): peak = 1647.293 ; gain = 353.738
INFO: [Common 17-206] Exiting Vivado at Fri Aug 14 13:56:43 2015...
